0 info it worked if it ends with ok
1 verbose cli [ 'D:\\Program Files\\nodejs\\node.exe',
1 verbose cli   'D:\\Program Files\\nodejs\\node_modules\\npm\\bin\\npm-cli.js',
1 verbose cli   'run',
1 verbose cli   'client' ]
2 info using npm@3.10.10
3 info using node@v6.11.3
4 verbose run-script [ 'preclient', 'client', 'postclient' ]
5 info lifecycle cen4010@1.0.0~preclient: cen4010@1.0.0
6 silly lifecycle cen4010@1.0.0~preclient: no script for preclient, continuing
7 info lifecycle cen4010@1.0.0~client: cen4010@1.0.0
8 verbose lifecycle cen4010@1.0.0~client: unsafe-perm in lifecycle true
9 verbose lifecycle cen4010@1.0.0~client: PATH: D:\Program Files\nodejs\node_modules\npm\bin\node-gyp-bin;C:\Users\Fulton\desktop\CEN4010\node_modules\.bin;D:\Program Files\nodejs\node_modules\npm\bin\node-gyp-bin;C:\Users\Fulton\desktop\CEN4010\node_modules\.bin;D:\Program Files\nodejs\node_modules\npm\bin\node-gyp-bin;C:\Users\Fulton\desktop\CEN4010\node_modules\.bin;C:\Users\Fulton\bin;C:\Program Files\Git\mingw64\bin;C:\Program Files\Git\usr\local\bin;C:\Program Files\Git\usr\bin;C:\Program Files\Git\usr\bin;C:\Program Files\Git\mingw64\bin;C:\Program Files\Git\usr\bin;C:\Users\Fulton\bin;C:\Program Files\Microsoft MPI\Bin;C:\Program Files (x86)\Common Files\Oracle\Java\javapath;C:\Program Files\Oculus\Support\oculus-runtime;C:\Program Files\NVIDIA GPU Computing Toolkit\CUDA\v9.0\bin;C:\Program Files\NVIDIA GPU Computing Toolkit\CUDA\v9.0\libnvvp;D:\Program Files (x86)\ActiveState Komodo Edit 10;C:\ProgramData\Anaconda3;C:\ProgramData\Anaconda3\Library\mingw-w64\bin;C:\ProgramData\Anaconda3\Library\usr\bin;C:\ProgramData\Anaconda3\Library\bin;C:\ProgramData\Anaconda3\Scripts;C:\ProgramData\Oracle\Java\javapath;C:\Windows\system32;C:\Windows;C:\Windows\System32\Wbem;C:\Windows\System32\WindowsPowerShell\v1.0;C:\Program Files (x86)\NVIDIA Corporation\PhysX\Common;D:\Program Files\nodejs;C:\Program Files\Microsoft SQL Server\130\Tools\Binn;C:\WINDOWS\system32;C:\WINDOWS;C:\WINDOWS\System32\Wbem;C:\WINDOWS\System32\WindowsPowerShell\v1.0;C:\ProgramData\chocolatey\bin;C:\WINDOWS\system32;C:\WINDOWS;C:\WINDOWS\System32\Wbem;C:\WINDOWS\System32\WindowsPowerShell\v1.0;C:\WINDOWS\System32\OpenSSH;C:\Program Files\Git\cmd;C:\Program Files (x86)\Microsoft SQL Server\140\Tools\Binn;C:\Program Files\Microsoft SQL Server\140\Tools\Binn;C:\Program Files (x86)\Microsoft SQL Server\140\DTS\Binn;C:\Program Files\Microsoft SQL Server\140\DTS\Binn;C:\Program Files\Microsoft SQL Server\Client SDK\ODBC\130\Tools\Binn;C:\Program Files (x86)\Microsoft SQL Server\150\DTS\Binn;C:\Users\Fulton\AppData\Local\Microsoft\WindowsApps;C:\Users\Fulton\AppData\Local\GitHubDesktop\bin;C:\Users\Fulton\AppData\Local\atom\bin;C:\Users\Fulton\AppData\Roaming\npm;C:\Program Files (x86)\PHP;D:\Program Files\MongoDB\Server\3.4\bin;C:\Users\Fulton\AppData\Local\Microsoft\WindowsApps;C:\Users\Fulton\AppData\Local\Programs\Microsoft VS Code\bin;C:\Program Files\Git\usr\bin\vendor_perl;C:\Program Files\Git\usr\bin\core_perl
10 verbose lifecycle cen4010@1.0.0~client: CWD: C:\Users\Fulton\desktop\CEN4010
11 silly lifecycle cen4010@1.0.0~client: Args: [ '/d /s /c', 'cd client && npm run start' ]
12 silly lifecycle cen4010@1.0.0~client: Returned: code: 1  signal: null
13 info lifecycle cen4010@1.0.0~client: Failed to exec client script
14 verbose stack Error: cen4010@1.0.0 client: `cd client && npm run start`
14 verbose stack Exit status 1
14 verbose stack     at EventEmitter.<anonymous> (D:\Program Files\nodejs\node_modules\npm\lib\utils\lifecycle.js:255:16)
14 verbose stack     at emitTwo (events.js:106:13)
14 verbose stack     at EventEmitter.emit (events.js:191:7)
14 verbose stack     at ChildProcess.<anonymous> (D:\Program Files\nodejs\node_modules\npm\lib\utils\spawn.js:40:14)
14 verbose stack     at emitTwo (events.js:106:13)
14 verbose stack     at ChildProcess.emit (events.js:191:7)
14 verbose stack     at maybeClose (internal/child_process.js:920:16)
14 verbose stack     at Process.ChildProcess._handle.onexit (internal/child_process.js:230:5)
15 verbose pkgid cen4010@1.0.0
16 verbose cwd C:\Users\Fulton\desktop\CEN4010
17 error Windows_NT 10.0.17134
18 error argv "D:\\Program Files\\nodejs\\node.exe" "D:\\Program Files\\nodejs\\node_modules\\npm\\bin\\npm-cli.js" "run" "client"
19 error node v6.11.3
20 error npm  v3.10.10
21 error code ELIFECYCLE
22 error cen4010@1.0.0 client: `cd client && npm run start`
22 error Exit status 1
23 error Failed at the cen4010@1.0.0 client script 'cd client && npm run start'.
23 error Make sure you have the latest version of node.js and npm installed.
23 error If you do, this is most likely a problem with the cen4010 package,
23 error not with npm itself.
23 error Tell the author that this fails on your system:
23 error     cd client && npm run start
23 error You can get information on how to open an issue for this project with:
23 error     npm bugs cen4010
23 error Or if that isn't available, you can get their info via:
23 error     npm owner ls cen4010
23 error There is likely additional logging output above.
24 verbose exit [ 1, true ]
